<?xml version="1.0" encoding="UTF-8"?>
<!-- Generated by org.testng.reporters.JUnitReportReporter -->
<testsuite hostname="DESKTOP-PD8C9RP" failures="0" tests="4" name="project.testng.tests.TestClassTwo" time="0.017" errors="0" timestamp="2021-05-31T14:30:53 BRT" skipped="0">
  <testcase classname="project.testng.tests.TestClassTwo" name="testTwoClassTwo" time="0.002"/>
  <system-out/>
  <testcase classname="project.testng.tests.TestClassTwo" name="testOneClassTwo" time="0.006"/>
  <system-out/>
  <testcase classname="project.testng.tests.TestClassTwo" name="testFourClassTwo" time="0.007"/>
  <system-out/>
  <testcase classname="project.testng.tests.TestClassTwo" name="testThreeClassTwo" time="0.002"/>
  <system-out/>
</testsuite> <!-- project.testng.tests.TestClassTwo -->
