<?xml version="1.0" encoding="UTF-8"?>
<!-- Generated by org.testng.reporters.JUnitReportReporter -->
<testsuite hostname="DESKTOP-PD8C9RP" failures="0" tests="4" name="project.testng.newtests.Package2Test1" time="0.013" errors="0" timestamp="2021-06-08T13:06:30 BRT" skipped="0">
  <testcase classname="project.testng.newtests.Package2Test1" name="packageTwoTestOne" time="0.003"/>
  <system-out/>
  <testcase classname="project.testng.newtests.Package2Test1" name="packageTwoTestTwo" time="0.003"/>
  <system-out/>
  <testcase classname="project.testng.newtests.Package2Test1" name="packageTwoTestFour" time="0.002"/>
  <system-out/>
  <testcase classname="project.testng.newtests.Package2Test1" name="packageTwoTestThree" time="0.005"/>
  <system-out/>
</testsuite> <!-- project.testng.newtests.Package2Test1 -->
