<?xml version="1.0" encoding="UTF-8"?>
<!-- Generated by org.testng.reporters.JUnitReportReporter -->
<testsuite hostname="DESKTOP-PD8C9RP" failures="0" tests="3" name="project.testng.parameterizedtests.ParameterizedTests" time="0.013" errors="0" timestamp="2021-06-08T12:16:40 BRT" skipped="1">
  <testcase classname="project.testng.parameterizedtests.ParameterizedTests" name="nomes" time="0.011"/>
  <system-out/>
  <testcase classname="project.testng.parameterizedtests.ParameterizedTests" name="nomes" time="0.002"/>
  <system-out/>
  <testcase classname="project.testng.parameterizedtests.ParameterizedTests" name="cores">
    <skipped/>
  </testcase> <!-- cores -->
  <system-out/>
</testsuite> <!-- project.testng.parameterizedtests.ParameterizedTests -->
