<?xml version="1.0" encoding="UTF-8"?>
<!-- Generated by org.testng.reporters.JUnitReportReporter -->
<testsuite hostname="DESKTOP-PD8C9RP" failures="0" tests="4" name="project.testng.newtests.PackageTwoTestOne" time="0.015" errors="0" timestamp="2021-05-31T12:39:04 BRT" skipped="0">
  <testcase classname="project.testng.newtests.PackageTwoTestOne" name="packageTwoTestTwo" time="0.002"/>
  <system-out/>
  <testcase classname="project.testng.newtests.PackageTwoTestOne" name="packageTwoTestOne" time="0.002"/>
  <system-out/>
  <testcase classname="project.testng.newtests.PackageTwoTestOne" name="packageTwoTestThree" time="0.002"/>
  <system-out/>
  <testcase classname="project.testng.newtests.PackageTwoTestOne" name="packageTwoTestFour" time="0.009"/>
  <system-out/>
</testsuite> <!-- project.testng.newtests.PackageTwoTestOne -->
