<?xml version="1.0" encoding="UTF-8"?>
<!-- Generated by org.testng.reporters.JUnitReportReporter -->
<testsuite hostname="DESKTOP-PD8C9RP" failures="0" tests="3" name="project.testng.parameterizedtests.ParameterizedTests" time="0.017" errors="0" timestamp="2021-06-08T13:06:30 BRT" skipped="1">
  <testcase classname="project.testng.parameterizedtests.ParameterizedTests" name="names" time="0.012"/>
  <system-out/>
  <testcase classname="project.testng.parameterizedtests.ParameterizedTests" name="names" time="0.005"/>
  <system-out/>
  <testcase classname="project.testng.parameterizedtests.ParameterizedTests" name="colors">
    <skipped/>
  </testcase> <!-- colors -->
  <system-out/>
</testsuite> <!-- project.testng.parameterizedtests.ParameterizedTests -->
