<?xml version="1.0" encoding="UTF-8"?>
<!-- Generated by org.testng.reporters.JUnitReportReporter -->
<testsuite hostname="DESKTOP-PD8C9RP" failures="0" tests="4" name="projeto.testng.tests.Tests" time="0.012" errors="0" timestamp="2021-05-28T14:16:47 BRT" skipped="2">
  <testcase classname="projeto.testng.tests.Tests" name="testFour" time="0.008"/>
  <system-out/>
  <testcase classname="projeto.testng.tests.Tests" name="testTwo" time="0.004"/>
  <system-out/>
  <testcase classname="projeto.testng.tests.Tests" name="testOne">
    <skipped/>
  </testcase> <!-- testOne -->
  <system-out/>
  <testcase classname="projeto.testng.tests.Tests" name="testThree">
    <skipped/>
  </testcase> <!-- testThree -->
  <system-out/>
</testsuite> <!-- projeto.testng.tests.Tests -->
