<?xml version="1.0" encoding="UTF-8"?>
<!-- Generated by org.testng.reporters.JUnitReportReporter -->
<testsuite hostname="DESKTOP-PD8C9RP" failures="0" tests="4" name="project.testng.testsreturn.TestsReturn" time="0.006" errors="0" timestamp="2021-05-31T15:24:00 BRT" skipped="0">
  <testcase classname="project.testng.testsreturn.TestsReturn" name="salutation" time="0.002"/>
  <system-out/>
  <testcase classname="project.testng.testsreturn.TestsReturn" name="testThreeClassReturn" time="0.002"/>
  <system-out/>
  <testcase classname="project.testng.testsreturn.TestsReturn" name="testFourClassReturn" time="0.001"/>
  <system-out/>
  <testcase classname="project.testng.testsreturn.TestsReturn" name="trueFalse" time="0.001"/>
  <system-out/>
</testsuite> <!-- project.testng.testsreturn.TestsReturn -->
