<?xml version="1.0" encoding="UTF-8"?>
<!-- Generated by org.testng.reporters.JUnitReportReporter -->
<testsuite hostname="DESKTOP-PD8C9RP" failures="0" tests="3" name="project.testng.tests.Tests" time="0.004" errors="0" timestamp="2021-05-31T15:24:00 BRT" skipped="1">
  <testcase classname="project.testng.tests.Tests" name="testFour" time="0.002"/>
  <system-out/>
  <testcase classname="project.testng.tests.Tests" name="testTwo" time="0.002"/>
  <system-out/>
  <testcase classname="project.testng.tests.Tests" name="testThree">
    <skipped/>
  </testcase> <!-- testThree -->
  <system-out/>
</testsuite> <!-- project.testng.tests.Tests -->
