<?xml version="1.0" encoding="UTF-8"?>
<!-- Generated by org.testng.reporters.JUnitReportReporter -->
<testsuite hostname="DESKTOP-PD8C9RP" failures="0" tests="4" name="project.testng.testsreturn.TestsReturn" time="0.014" errors="0" timestamp="2021-06-08T13:06:30 BRT" skipped="0">
  <testcase classname="project.testng.testsreturn.TestsReturn" name="salutation" time="0.004"/>
  <system-out/>
  <testcase classname="project.testng.testsreturn.TestsReturn" name="testFourClassReturn" time="0.004"/>
  <system-out/>
  <testcase classname="project.testng.testsreturn.TestsReturn" name="trueFalse" time="0.003"/>
  <system-out/>
  <testcase classname="project.testng.testsreturn.TestsReturn" name="testThreeClassReturn" time="0.003"/>
  <system-out/>
</testsuite> <!-- project.testng.testsreturn.TestsReturn -->
