<?xml version="1.0" encoding="UTF-8"?>
<!-- Generated by org.testng.reporters.JUnitReportReporter -->
<testsuite hostname="DESKTOP-PD8C9RP" failures="0" tests="4" name="project.testng.tests.Tests" time="0.011" errors="0" timestamp="2021-05-31T14:30:53 BRT" skipped="1">
  <testcase classname="project.testng.tests.Tests" name="testFour" time="0.004"/>
  <system-out/>
  <testcase classname="project.testng.tests.Tests" name="testTwo" time="0.003"/>
  <system-out/>
  <testcase classname="project.testng.tests.Tests" name="testOne" time="0.004"/>
  <system-out/>
  <testcase classname="project.testng.tests.Tests" name="testThree">
    <skipped/>
  </testcase> <!-- testThree -->
  <system-out/>
</testsuite> <!-- project.testng.tests.Tests -->
